\BOOKMARK [1][-]{section.1}{\376\377\000M\000o\000u\000n\000t\000i\000n\000g\000\040\000h\000o\000l\000e\000s}{}% 1
\BOOKMARK [1][-]{section.2}{\376\377\000I\000n\000p\000u\000t\000\040\000c\000o\000n\000n\000e\000c\000t\000o\000r\000s}{}% 2
\BOOKMARK [2][-]{subsection.2.1}{\376\377\000P\000C\000B\000\040\000m\000o\000u\000n\000t\000\040\000c\000o\000n\000n\000e\000c\000t\000o\000r}{section.2}% 3
\BOOKMARK [2][-]{subsection.2.2}{\376\377\000P\000a\000n\000e\000l\000\040\000m\000o\000u\000n\000t}{section.2}% 4
\BOOKMARK [1][-]{section.3}{\376\377\000C\000h\000a\000r\000g\000i\000n\000g\000\040\000c\000o\000n\000n\000e\000c\000t\000o\000r}{}% 5
\BOOKMARK [2][-]{subsection.3.1}{\376\377\000P\000a\000n\000e\000l\000\040\000m\000o\000u\000n\000t\000\040\000U\000S\000B\000\040\000C}{section.3}% 6
\BOOKMARK [1][-]{section.4}{\376\377\000I\000n\000p\000u\000t\000\040\000d\000i\000v\000i\000d\000e\000r}{}% 7
\BOOKMARK [2][-]{subsection.4.1}{\376\377\000R\000e\000s\000i\000s\000t\000a\000n\000c\000e\000\040\000d\000i\000v\000i\000d\000e\000r}{section.4}% 8
\BOOKMARK [2][-]{subsection.4.2}{\376\377\000C\000a\000p\000a\000c\000i\000t\000a\000n\000c\000e\000\040\000d\000i\000v\000i\000d\000e\000r}{section.4}% 9
\BOOKMARK [3][-]{subsubsection.4.2.1}{\376\377\000T\000r\000i\000m\000\040\000p\000o\000t\000e\000n\000c\000i\000o\000m\000e\000t\000e\000r\000s}{subsection.4.2}% 10
\BOOKMARK [3][-]{subsubsection.4.2.2}{\376\377\000V\000a\000r\000i\000c\000a\000p\000\040\000t\000r\000i\000m\000m\000i\000n\000g}{subsection.4.2}% 11
\BOOKMARK [1][-]{section.5}{\376\377\000O\000f\000f\000s\000e\000t\000\040\000r\000e\000s\000u\000l\000t\000s}{}% 12
\BOOKMARK [2][-]{subsection.5.1}{\376\377\0001\0000\000x\000\040\000g\000a\000i\000n\000\040\000e\000n\000a\000b\000l\000e\000d}{section.5}% 13
\BOOKMARK [2][-]{subsection.5.2}{\376\377\0001\000x\000\040\000g\000a\000i\000n\000\040\000e\000n\000a\000b\000l\000e\000d}{section.5}% 14
\BOOKMARK [2][-]{subsection.5.3}{\376\377\000s\000o\000l\000v\000i\000n\000g}{section.5}% 15
\BOOKMARK [1][-]{section.6}{\376\377\000S\000o\000u\000r\000c\000e\000s\000\040\000o\000f\000\040\000o\000f\000f\000s\000e\000t}{}% 16
\BOOKMARK [2][-]{subsection.6.1}{\376\377\000I\000n\000p\000u\000t\000\040\000b\000u\000f\000f\000e\000r}{section.6}% 17
\BOOKMARK [3][-]{subsubsection.6.1.1}{\376\377\000I\000n\000p\000u\000t\000\040\000b\000i\000a\000s\000\040\000c\000u\000r\000r\000e\000n\000t\000\040\000o\000f\000f\000s\000e\000t}{subsection.6.1}% 18
\BOOKMARK [3][-]{subsubsection.6.1.2}{\376\377\000I\000n\000p\000u\000t\000\040\000v\000o\000l\000t\000a\000g\000e\000\040\000o\000f\000f\000s\000e\000t}{subsection.6.1}% 19
\BOOKMARK [2][-]{subsection.6.2}{\376\377\000O\000u\000t\000p\000u\000t\000\040\000b\000u\000f\000f\000e\000r}{section.6}% 20
\BOOKMARK [3][-]{subsubsection.6.2.1}{\376\377\000I\000n\000p\000u\000t\000\040\000b\000i\000a\000s\000\040\000c\000u\000r\000r\000e\000n\000t\000\040\000o\000f\000f\000s\000e\000t}{subsection.6.2}% 21
\BOOKMARK [3][-]{subsubsection.6.2.2}{\376\377\000I\000n\000p\000u\000t\000\040\000v\000o\000l\000t\000a\000g\000e\000\040\000o\000f\000f\000s\000e\000t}{subsection.6.2}% 22
\BOOKMARK [1][-]{section.7}{\376\377\000O\000u\000t\000p\000u\000t\000\040\000d\000i\000f\000f\000\040\000a\000m\000p}{}% 23
\BOOKMARK [1][-]{section.8}{\376\377\000N\000o\000i\000s\000e}{}% 24
\BOOKMARK [2][-]{subsection.8.1}{\376\377\000R\000e\000s\000i\000s\000t\000o\000r\000\040\000n\000o\000i\000s\000e}{section.8}% 25
\BOOKMARK [2][-]{subsection.8.2}{\376\377\000I\000n\000p\000u\000t\000\040\000b\000u\000f\000f\000e\000r\000\040\000n\000o\000i\000s\000e}{section.8}% 26
\BOOKMARK [2][-]{subsection.8.3}{\376\377\000O\000u\000t\000p\000u\000t\000\040\000b\000u\000f\000f\000e\000r\000\040\000n\000o\000i\000s\000e}{section.8}% 27
